<?xml version="1.0" encoding="UTF-8"?>
<testng-results skipped="0" failed="0" total="6" passed="6">
  <reporter-output>
  </reporter-output>
  <suite name="priti-Suite" duration-ms="37660" started-at="2021-02-11T03:41:37Z" finished-at="2021-02-11T03:42:14Z">
    <groups>
    </groups>
    <test name="priti-Test" duration-ms="37660" started-at="2021-02-11T03:41:37Z" finished-at="2021-02-11T03:42:14Z">
      <class name="priti.Priti">
        <test-method status="PASS" signature="addEmp()[pri:0, instance:priti.Priti@2752f6e2]" name="addEmp" duration-ms="29290" started-at="2021-02-11T09:11:37Z" finished-at="2021-02-11T09:12:06Z">
          <reporter-output>
          </reporter-output>
        </test-method> <!-- addEmp -->
        <test-method status="PASS" signature="editLocation()[pri:0, instance:priti.Priti@2752f6e2]" name="editLocation" duration-ms="0" started-at="2021-02-11T09:12:06Z" finished-at="2021-02-11T09:12:06Z">
          <reporter-output>
          </reporter-output>
        </test-method> <!-- editLocation -->
        <test-method status="PASS" signature="verifyLogin()[pri:0, instance:priti.Priti@2752f6e2]" name="verifyLogin" duration-ms="8360" started-at="2021-02-11T09:12:06Z" finished-at="2021-02-11T09:12:14Z">
          <reporter-output>
          </reporter-output>
        </test-method> <!-- verifyLogin -->
        <test-method status="PASS" signature="addLocation()[pri:0, instance:priti.Priti@2752f6e2]" name="addLocation" duration-ms="0" started-at="2021-02-11T09:12:06Z" finished-at="2021-02-11T09:12:06Z">
          <reporter-output>
          </reporter-output>
        </test-method> <!-- addLocation -->
        <test-method status="PASS" signature="editEmp()[pri:0, instance:priti.Priti@2752f6e2]" name="editEmp" duration-ms="0" started-at="2021-02-11T09:12:06Z" finished-at="2021-02-11T09:12:06Z">
          <reporter-output>
          </reporter-output>
        </test-method> <!-- editEmp -->
        <test-method status="PASS" signature="deleteEmp()[pri:0, instance:priti.Priti@2752f6e2]" name="deleteEmp" duration-ms="0" started-at="2021-02-11T09:12:06Z" finished-at="2021-02-11T09:12:06Z">
          <reporter-output>
          </reporter-output>
        </test-method> <!-- deleteEmp -->
      </class> <!-- priti.Priti -->
    </test> <!-- priti-Test -->
  </suite> <!-- priti-Suite -->
</testng-results>
