<?xml version="1.0" encoding="UTF-8"?>
<!-- Generated by org.testng.reporters.JUnitXMLReporter -->
<testsuite hostname="Mahesh" name="priti-Test" tests="6" failures="0" timestamp="11 Feb 2021 03:42:15 GMT" time="37.66" errors="0">
  <testcase name="addEmp" time="29.29" classname="priti.Priti"/>
  <testcase name="addLocation" time="0.0" classname="priti.Priti"/>
  <testcase name="deleteEmp" time="0.0" classname="priti.Priti"/>
  <testcase name="editEmp" time="0.0" classname="priti.Priti"/>
  <testcase name="editLocation" time="0.0" classname="priti.Priti"/>
  <testcase name="verifyLogin" time="8.36" classname="priti.Priti"/>
</testsuite> <!-- priti-Test -->
